<?xml version="1.0" encoding="UTF-8"?>
<testsuite xmlns:xsi="http://www.w3.org/2001/XMLSchema-instance" xsi:noNamespaceSchemaLocation="https://maven.apache.org/surefire/maven-surefire-plugin/xsd/surefire-test-report.xsd" name="Nallas.Nallas_demoproject.Testcase" time="0.408" tests="0" errors="0" skipped="0" failures="0">
  <properties>
    <property name="java.specification.version" value="17"/>
    <property name="sun.cpu.isalist" value="amd64"/>
    <property name="sun.jnu.encoding" value="Cp1252"/>
    <property name="java.class.path" value="F:\SQA_demo\Nallas_demoproject\target\test-classes;F:\SQA_demo\Nallas_demoproject\target\classes;C:\Users\Venkateshwaran\.m2\repository\junit\junit\4.12\junit-4.12.jar;C:\Users\Venkateshwaran\.m2\repository\org\hamcrest\hamcrest-core\1.3\hamcrest-core-1.3.jar;C:\Users\Venkateshwaran\.m2\repository\org\seleniumhq\selenium\selenium-java\3.141.59\selenium-java-3.141.59.jar;C:\Users\Venkateshwaran\.m2\repository\org\seleniumhq\selenium\selenium-api\3.141.59\selenium-api-3.141.59.jar;C:\Users\Venkateshwaran\.m2\repository\org\seleniumhq\selenium\selenium-chrome-driver\3.141.59\selenium-chrome-driver-3.141.59.jar;C:\Users\Venkateshwaran\.m2\repository\org\seleniumhq\selenium\selenium-edge-driver\3.141.59\selenium-edge-driver-3.141.59.jar;C:\Users\Venkateshwaran\.m2\repository\org\seleniumhq\selenium\selenium-firefox-driver\3.141.59\selenium-firefox-driver-3.141.59.jar;C:\Users\Venkateshwaran\.m2\repository\org\seleniumhq\selenium\selenium-ie-driver\3.141.59\selenium-ie-driver-3.141.59.jar;C:\Users\Venkateshwaran\.m2\repository\org\seleniumhq\selenium\selenium-opera-driver\3.141.59\selenium-opera-driver-3.141.59.jar;C:\Users\Venkateshwaran\.m2\repository\org\seleniumhq\selenium\selenium-remote-driver\3.141.59\selenium-remote-driver-3.141.59.jar;C:\Users\Venkateshwaran\.m2\repository\org\seleniumhq\selenium\selenium-safari-driver\3.141.59\selenium-safari-driver-3.141.59.jar;C:\Users\Venkateshwaran\.m2\repository\org\seleniumhq\selenium\selenium-support\3.141.59\selenium-support-3.141.59.jar;C:\Users\Venkateshwaran\.m2\repository\net\bytebuddy\byte-buddy\1.8.15\byte-buddy-1.8.15.jar;C:\Users\Venkateshwaran\.m2\repository\org\apache\commons\commons-exec\1.3\commons-exec-1.3.jar;C:\Users\Venkateshwaran\.m2\repository\com\squareup\okhttp3\okhttp\3.11.0\okhttp-3.11.0.jar;C:\Users\Venkateshwaran\.m2\repository\com\squareup\okio\okio\1.14.0\okio-1.14.0.jar;C:\Users\Venkateshwaran\.m2\repository\net\sf\ucanaccess\ucanaccess\4.0.4\ucanaccess-4.0.4.jar;C:\Users\Venkateshwaran\.m2\repository\org\hsqldb\hsqldb\2.3.1\hsqldb-2.3.1.jar;C:\Users\Venkateshwaran\.m2\repository\com\healthmarketscience\jackcess\jackcess\2.1.11\jackcess-2.1.11.jar;C:\Users\Venkateshwaran\.m2\repository\org\testng\testng\6.14.3\testng-6.14.3.jar;C:\Users\Venkateshwaran\.m2\repository\com\beust\jcommander\1.72\jcommander-1.72.jar;C:\Users\Venkateshwaran\.m2\repository\org\apache-extras\beanshell\bsh\2.0b6\bsh-2.0b6.jar;C:\Users\Venkateshwaran\.m2\repository\commons-io\commons-io\2.6\commons-io-2.6.jar;C:\Users\Venkateshwaran\.m2\repository\commons-lang\commons-lang\2.5\commons-lang-2.5.jar;C:\Users\Venkateshwaran\.m2\repository\com\google\inject\guice\4.2.0\guice-4.2.0.jar;C:\Users\Venkateshwaran\.m2\repository\javax\inject\javax.inject\1\javax.inject-1.jar;C:\Users\Venkateshwaran\.m2\repository\aopalliance\aopalliance\1.0\aopalliance-1.0.jar;C:\Users\Venkateshwaran\.m2\repository\com\google\inject\extensions\guice-assistedinject\4.2.0\guice-assistedinject-4.2.0.jar;C:\Users\Venkateshwaran\.m2\repository\org\slf4j\slf4j-log4j12\1.6.5\slf4j-log4j12-1.6.5.jar;C:\Users\Venkateshwaran\.m2\repository\org\slf4j\slf4j-api\1.6.5\slf4j-api-1.6.5.jar;C:\Users\Venkateshwaran\.m2\repository\org\apache\logging\log4j\log4j-core\2.3\log4j-core-2.3.jar;C:\Users\Venkateshwaran\.m2\repository\org\apache\logging\log4j\log4j-api\2.3\log4j-api-2.3.jar;C:\Users\Venkateshwaran\.m2\repository\commons-logging\commons-logging\1.2\commons-logging-1.2.jar;C:\Users\Venkateshwaran\.m2\repository\dom4j\dom4j\1.6.1\dom4j-1.6.1.jar;C:\Users\Venkateshwaran\.m2\repository\xml-apis\xml-apis\1.0.b2\xml-apis-1.0.b2.jar;C:\Users\Venkateshwaran\.m2\repository\com\relevantcodes\extentreports\2.41.2\extentreports-2.41.2.jar;C:\Users\Venkateshwaran\.m2\repository\org\xerial\sqlite-jdbc\3.8.11.1\sqlite-jdbc-3.8.11.1.jar;C:\Users\Venkateshwaran\.m2\repository\org\mongodb\mongodb-driver\3.0.4\mongodb-driver-3.0.4.jar;C:\Users\Venkateshwaran\.m2\repository\org\mongodb\bson\3.0.4\bson-3.0.4.jar;C:\Users\Venkateshwaran\.m2\repository\org\mongodb\mongodb-driver-core\3.0.4\mongodb-driver-core-3.0.4.jar;C:\Users\Venkateshwaran\.m2\repository\com\google\guava\failureaccess\1.0.1\failureaccess-1.0.1.jar;C:\Users\Venkateshwaran\.m2\repository\org\freemarker\freemarker\2.3.28\freemarker-2.3.28.jar;C:\Users\Venkateshwaran\.m2\repository\com\google\code\gson\gson\2.8.0\gson-2.8.0.jar;C:\Users\Venkateshwaran\.m2\repository\com\google\guava\guava\27.0.1-jre\guava-27.0.1-jre.jar;C:\Users\Venkateshwaran\.m2\repository\com\google\guava\listenablefuture\9999.0-empty-to-avoid-conflict-with-guava\listenablefuture-9999.0-empty-to-avoid-conflict-with-guava.jar;C:\Users\Venkateshwaran\.m2\repository\com\google\code\findbugs\jsr305\3.0.2\jsr305-3.0.2.jar;C:\Users\Venkateshwaran\.m2\repository\org\checkerframework\checker-qual\2.5.2\checker-qual-2.5.2.jar;C:\Users\Venkateshwaran\.m2\repository\com\google\errorprone\error_prone_annotations\2.2.0\error_prone_annotations-2.2.0.jar;C:\Users\Venkateshwaran\.m2\repository\com\google\j2objc\j2objc-annotations\1.1\j2objc-annotations-1.1.jar;C:\Users\Venkateshwaran\.m2\repository\org\codehaus\mojo\animal-sniffer-annotations\1.17\animal-sniffer-annotations-1.17.jar;C:\Users\Venkateshwaran\.m2\repository\org\apache\httpcomponents\httpclient\4.5.2\httpclient-4.5.2.jar;C:\Users\Venkateshwaran\.m2\repository\commons-codec\commons-codec\1.9\commons-codec-1.9.jar;C:\Users\Venkateshwaran\.m2\repository\org\apache\httpcomponents\httpcore\4.4.4\httpcore-4.4.4.jar;C:\Users\Venkateshwaran\.m2\repository\org\apache\httpcomponents\httpmime\4.5.2\httpmime-4.5.2.jar;C:\Users\Venkateshwaran\.m2\repository\org\apache\commons\commons-lang3\3.6\commons-lang3-3.6.jar;C:\Users\Venkateshwaran\.m2\repository\org\jsoup\jsoup\1.9.2\jsoup-1.9.2.jar;C:\Users\Venkateshwaran\.m2\repository\com\codoid\products\fillo\1.15\fillo-1.15.jar;C:\Users\Venkateshwaran\.m2\repository\com\asprise\ocr\java-ocr-api\15.3.0.3\java-ocr-api-15.3.0.3.jar;C:\Users\Venkateshwaran\.m2\repository\com\github\stephenc\monte\monte-screen-recorder\0.7.7.0\monte-screen-recorder-0.7.7.0.jar;C:\Users\Venkateshwaran\.m2\repository\org\apache\pdfbox\pdfbox\2.0.12\pdfbox-2.0.12.jar;C:\Users\Venkateshwaran\.m2\repository\org\apache\pdfbox\fontbox\2.0.12\fontbox-2.0.12.jar;C:\Users\Venkateshwaran\.m2\repository\javax\mail\mail\1.4\mail-1.4.jar;C:\Users\Venkateshwaran\.m2\repository\javax\activation\activation\1.1\activation-1.1.jar;C:\Users\Venkateshwaran\.m2\repository\net\sourceforge\jtds\jtds\1.3.1\jtds-1.3.1.jar;C:\Users\Venkateshwaran\.m2\repository\log4j\log4j\1.2.17\log4j-1.2.17.jar;"/>
    <property name="java.vm.vendor" value="Eclipse Adoptium"/>
    <property name="sun.arch.data.model" value="64"/>
    <property name="user.variant" value=""/>
    <property name="java.vendor.url" value="https://adoptium.net/"/>
    <property name="user.timezone" value="Asia/Calcutta"/>
    <property name="os.name" value="Windows 10"/>
    <property name="java.vm.specification.version" value="17"/>
    <property name="sun.java.launcher" value="SUN_STANDARD"/>
    <property name="user.country" value="IN"/>
    <property name="sun.boot.library.path" value="C:\Users\Venkateshwaran\.p2\pool\plugins\org.eclipse.justj.openjdk.hotspot.jre.full.win32.x86_64_17.0.4.v20220903-1038\jre\bin"/>
    <property name="sun.java.command" value="C:\Users\VENKAT~1\AppData\Local\Temp\surefire5139125372956019938\surefirebooter6904064494786612861.jar C:\Users\Venkateshwaran\AppData\Local\Temp\surefire5139125372956019938 2022-12-18T00-31-11_511-jvmRun1 surefire8951167508562221634tmp surefire_05816238093390445239tmp"/>
    <property name="jdk.debug" value="release"/>
    <property name="surefire.test.class.path" value="F:\SQA_demo\Nallas_demoproject\target\test-classes;F:\SQA_demo\Nallas_demoproject\target\classes;C:\Users\Venkateshwaran\.m2\repository\junit\junit\4.12\junit-4.12.jar;C:\Users\Venkateshwaran\.m2\repository\org\hamcrest\hamcrest-core\1.3\hamcrest-core-1.3.jar;C:\Users\Venkateshwaran\.m2\repository\org\seleniumhq\selenium\selenium-java\3.141.59\selenium-java-3.141.59.jar;C:\Users\Venkateshwaran\.m2\repository\org\seleniumhq\selenium\selenium-api\3.141.59\selenium-api-3.141.59.jar;C:\Users\Venkateshwaran\.m2\repository\org\seleniumhq\selenium\selenium-chrome-driver\3.141.59\selenium-chrome-driver-3.141.59.jar;C:\Users\Venkateshwaran\.m2\repository\org\seleniumhq\selenium\selenium-edge-driver\3.141.59\selenium-edge-driver-3.141.59.jar;C:\Users\Venkateshwaran\.m2\repository\org\seleniumhq\selenium\selenium-firefox-driver\3.141.59\selenium-firefox-driver-3.141.59.jar;C:\Users\Venkateshwaran\.m2\repository\org\seleniumhq\selenium\selenium-ie-driver\3.141.59\selenium-ie-driver-3.141.59.jar;C:\Users\Venkateshwaran\.m2\repository\org\seleniumhq\selenium\selenium-opera-driver\3.141.59\selenium-opera-driver-3.141.59.jar;C:\Users\Venkateshwaran\.m2\repository\org\seleniumhq\selenium\selenium-remote-driver\3.141.59\selenium-remote-driver-3.141.59.jar;C:\Users\Venkateshwaran\.m2\repository\org\seleniumhq\selenium\selenium-safari-driver\3.141.59\selenium-safari-driver-3.141.59.jar;C:\Users\Venkateshwaran\.m2\repository\org\seleniumhq\selenium\selenium-support\3.141.59\selenium-support-3.141.59.jar;C:\Users\Venkateshwaran\.m2\repository\net\bytebuddy\byte-buddy\1.8.15\byte-buddy-1.8.15.jar;C:\Users\Venkateshwaran\.m2\repository\org\apache\commons\commons-exec\1.3\commons-exec-1.3.jar;C:\Users\Venkateshwaran\.m2\repository\com\squareup\okhttp3\okhttp\3.11.0\okhttp-3.11.0.jar;C:\Users\Venkateshwaran\.m2\repository\com\squareup\okio\okio\1.14.0\okio-1.14.0.jar;C:\Users\Venkateshwaran\.m2\repository\net\sf\ucanaccess\ucanaccess\4.0.4\ucanaccess-4.0.4.jar;C:\Users\Venkateshwaran\.m2\repository\org\hsqldb\hsqldb\2.3.1\hsqldb-2.3.1.jar;C:\Users\Venkateshwaran\.m2\repository\com\healthmarketscience\jackcess\jackcess\2.1.11\jackcess-2.1.11.jar;C:\Users\Venkateshwaran\.m2\repository\org\testng\testng\6.14.3\testng-6.14.3.jar;C:\Users\Venkateshwaran\.m2\repository\com\beust\jcommander\1.72\jcommander-1.72.jar;C:\Users\Venkateshwaran\.m2\repository\org\apache-extras\beanshell\bsh\2.0b6\bsh-2.0b6.jar;C:\Users\Venkateshwaran\.m2\repository\commons-io\commons-io\2.6\commons-io-2.6.jar;C:\Users\Venkateshwaran\.m2\repository\commons-lang\commons-lang\2.5\commons-lang-2.5.jar;C:\Users\Venkateshwaran\.m2\repository\com\google\inject\guice\4.2.0\guice-4.2.0.jar;C:\Users\Venkateshwaran\.m2\repository\javax\inject\javax.inject\1\javax.inject-1.jar;C:\Users\Venkateshwaran\.m2\repository\aopalliance\aopalliance\1.0\aopalliance-1.0.jar;C:\Users\Venkateshwaran\.m2\repository\com\google\inject\extensions\guice-assistedinject\4.2.0\guice-assistedinject-4.2.0.jar;C:\Users\Venkateshwaran\.m2\repository\org\slf4j\slf4j-log4j12\1.6.5\slf4j-log4j12-1.6.5.jar;C:\Users\Venkateshwaran\.m2\repository\org\slf4j\slf4j-api\1.6.5\slf4j-api-1.6.5.jar;C:\Users\Venkateshwaran\.m2\repository\org\apache\logging\log4j\log4j-core\2.3\log4j-core-2.3.jar;C:\Users\Venkateshwaran\.m2\repository\org\apache\logging\log4j\log4j-api\2.3\log4j-api-2.3.jar;C:\Users\Venkateshwaran\.m2\repository\commons-logging\commons-logging\1.2\commons-logging-1.2.jar;C:\Users\Venkateshwaran\.m2\repository\dom4j\dom4j\1.6.1\dom4j-1.6.1.jar;C:\Users\Venkateshwaran\.m2\repository\xml-apis\xml-apis\1.0.b2\xml-apis-1.0.b2.jar;C:\Users\Venkateshwaran\.m2\repository\com\relevantcodes\extentreports\2.41.2\extentreports-2.41.2.jar;C:\Users\Venkateshwaran\.m2\repository\org\xerial\sqlite-jdbc\3.8.11.1\sqlite-jdbc-3.8.11.1.jar;C:\Users\Venkateshwaran\.m2\repository\org\mongodb\mongodb-driver\3.0.4\mongodb-driver-3.0.4.jar;C:\Users\Venkateshwaran\.m2\repository\org\mongodb\bson\3.0.4\bson-3.0.4.jar;C:\Users\Venkateshwaran\.m2\repository\org\mongodb\mongodb-driver-core\3.0.4\mongodb-driver-core-3.0.4.jar;C:\Users\Venkateshwaran\.m2\repository\com\google\guava\failureaccess\1.0.1\failureaccess-1.0.1.jar;C:\Users\Venkateshwaran\.m2\repository\org\freemarker\freemarker\2.3.28\freemarker-2.3.28.jar;C:\Users\Venkateshwaran\.m2\repository\com\google\code\gson\gson\2.8.0\gson-2.8.0.jar;C:\Users\Venkateshwaran\.m2\repository\com\google\guava\guava\27.0.1-jre\guava-27.0.1-jre.jar;C:\Users\Venkateshwaran\.m2\repository\com\google\guava\listenablefuture\9999.0-empty-to-avoid-conflict-with-guava\listenablefuture-9999.0-empty-to-avoid-conflict-with-guava.jar;C:\Users\Venkateshwaran\.m2\repository\com\google\code\findbugs\jsr305\3.0.2\jsr305-3.0.2.jar;C:\Users\Venkateshwaran\.m2\repository\org\checkerframework\checker-qual\2.5.2\checker-qual-2.5.2.jar;C:\Users\Venkateshwaran\.m2\repository\com\google\errorprone\error_prone_annotations\2.2.0\error_prone_annotations-2.2.0.jar;C:\Users\Venkateshwaran\.m2\repository\com\google\j2objc\j2objc-annotations\1.1\j2objc-annotations-1.1.jar;C:\Users\Venkateshwaran\.m2\repository\org\codehaus\mojo\animal-sniffer-annotations\1.17\animal-sniffer-annotations-1.17.jar;C:\Users\Venkateshwaran\.m2\repository\org\apache\httpcomponents\httpclient\4.5.2\httpclient-4.5.2.jar;C:\Users\Venkateshwaran\.m2\repository\commons-codec\commons-codec\1.9\commons-codec-1.9.jar;C:\Users\Venkateshwaran\.m2\repository\org\apache\httpcomponents\httpcore\4.4.4\httpcore-4.4.4.jar;C:\Users\Venkateshwaran\.m2\repository\org\apache\httpcomponents\httpmime\4.5.2\httpmime-4.5.2.jar;C:\Users\Venkateshwaran\.m2\repository\org\apache\commons\commons-lang3\3.6\commons-lang3-3.6.jar;C:\Users\Venkateshwaran\.m2\repository\org\jsoup\jsoup\1.9.2\jsoup-1.9.2.jar;C:\Users\Venkateshwaran\.m2\repository\com\codoid\products\fillo\1.15\fillo-1.15.jar;C:\Users\Venkateshwaran\.m2\repository\com\asprise\ocr\java-ocr-api\15.3.0.3\java-ocr-api-15.3.0.3.jar;C:\Users\Venkateshwaran\.m2\repository\com\github\stephenc\monte\monte-screen-recorder\0.7.7.0\monte-screen-recorder-0.7.7.0.jar;C:\Users\Venkateshwaran\.m2\repository\org\apache\pdfbox\pdfbox\2.0.12\pdfbox-2.0.12.jar;C:\Users\Venkateshwaran\.m2\repository\org\apache\pdfbox\fontbox\2.0.12\fontbox-2.0.12.jar;C:\Users\Venkateshwaran\.m2\repository\javax\mail\mail\1.4\mail-1.4.jar;C:\Users\Venkateshwaran\.m2\repository\javax\activation\activation\1.1\activation-1.1.jar;C:\Users\Venkateshwaran\.m2\repository\net\sourceforge\jtds\jtds\1.3.1\jtds-1.3.1.jar;C:\Users\Venkateshwaran\.m2\repository\log4j\log4j\1.2.17\log4j-1.2.17.jar;"/>
    <property name="sun.cpu.endian" value="little"/>
    <property name="user.home" value="C:\Users\Venkateshwaran"/>
    <property name="user.language" value="en"/>
    <property name="java.specification.vendor" value="Oracle Corporation"/>
    <property name="java.version.date" value="2022-08-12"/>
    <property name="java.home" value="C:\Users\Venkateshwaran\.p2\pool\plugins\org.eclipse.justj.openjdk.hotspot.jre.full.win32.x86_64_17.0.4.v20220903-1038\jre"/>
    <property name="file.separator" value="\"/>
    <property name="style.color" value="always"/>
    <property name="basedir" value="F:\SQA_demo\Nallas_demoproject"/>
    <property name="java.vm.compressedOopsMode" value="32-bit"/>
    <property name="line.separator" value="&#10;"/>
    <property name="java.vm.specification.vendor" value="Oracle Corporation"/>
    <property name="java.specification.name" value="Java Platform API Specification"/>
    <property name="surefire.real.class.path" value="C:\Users\VENKAT~1\AppData\Local\Temp\surefire5139125372956019938\surefirebooter6904064494786612861.jar"/>
    <property name="user.script" value=""/>
    <property name="sun.management.compiler" value="HotSpot 64-Bit Tiered Compilers"/>
    <property name="java.runtime.version" value="17.0.4.1+1"/>
    <property name="user.name" value="Venkateshwaran"/>
    <property name="path.separator" value=";"/>
    <property name="os.version" value="10.0"/>
    <property name="java.runtime.name" value="OpenJDK Runtime Environment"/>
    <property name="file.encoding" value="Cp1252"/>
    <property name="java.vm.name" value="OpenJDK 64-Bit Server VM"/>
    <property name="java.vendor.version" value="Temurin-17.0.4.1+1"/>
    <property name="localRepository" value="C:\Users\Venkateshwaran\.m2\repository"/>
    <property name="java.vendor.url.bug" value="https://github.com/adoptium/adoptium-support/issues"/>
    <property name="java.io.tmpdir" value="C:\Users\VENKAT~1\AppData\Local\Temp\"/>
    <property name="java.version" value="17.0.4.1"/>
    <property name="user.dir" value="F:\SQA_demo\Nallas_demoproject"/>
    <property name="os.arch" value="amd64"/>
    <property name="java.vm.specification.name" value="Java Virtual Machine Specification"/>
    <property name="sun.os.patch.level" value=""/>
    <property name="native.encoding" value="Cp1252"/>
    <property name="java.library.path" value="C:\Users\Venkateshwaran\.p2\pool\plugins\org.eclipse.justj.openjdk.hotspot.jre.full.win32.x86_64_17.0.4.v20220903-1038\jre\bin;C:\Windows\Sun\Java\bin;C:\Windows\system32;C:\Windows;C:/Users/Venkateshwaran/.p2/pool/plugins/org.eclipse.justj.openjdk.hotspot.jre.full.win32.x86_64_17.0.4.v20220903-1038/jre/bin/server;C:/Users/Venkateshwaran/.p2/pool/plugins/org.eclipse.justj.openjdk.hotspot.jre.full.win32.x86_64_17.0.4.v20220903-1038/jre/bin;C:\Program Files\Microsoft\jdk-11.0.12.7-hotspot\bin;C:\Program Files (x86)\Common Files\Oracle\Java\javapath;C:\Windows\system32;C:\Windows;C:\Windows\System32\Wbem;C:\Windows\System32\WindowsPowerShell\v1.0\;C:\Windows\System32\OpenSSH\;C:\Program Files\Microsoft SQL Server\150\Tools\Binn\;C:\Program Files\Microsoft SQL Server\Client SDK\ODBC\170\Tools\Binn\;C:\Program Files\dotnet\;C:\Program Files (x86)\Microsoft SQL Server\150\Tools\Binn\;C:\Program Files\Microsoft SQL Server\150\DTS\Binn\;C:\Program Files (x86)\Microsoft SQL Server\150\DTS\Binn\;C:\Program Files\Azure Data Studio\bin;C:\Users\Venkateshwaran\AppData\Local\Programs\Python\Python37\Scripts;C:\Users\Venkateshwaran\AppData\Local\Programs\Python\Python37;C:\Users\Venkateshwaran\Desktop\driver\chromedriver.exe;C:\Users\Venkateshwaran\AppData\Local\Programs\Python\Python37-32\Scripts\;C:\Users\Venkateshwaran\AppData\Local\Programs\Python\Python37-32\;C:\Users\Venkateshwaran\AppData\Local\Microsoft\WindowsApps;C:\Users\Venkateshwaran\AppData\Local\Programs\Git\cmd;C:\Users\Venkateshwaran\Desktop;;."/>
    <property name="java.vm.info" value="mixed mode"/>
    <property name="java.vendor" value="Eclipse Adoptium"/>
    <property name="java.vm.version" value="17.0.4.1+1"/>
    <property name="sun.io.unicode.encoding" value="UnicodeLittle"/>
    <property name="java.class.version" value="61.0"/>
  </properties>
</testsuite>