<?xml version="1.0" encoding="UTF-8"?>
<!-- Generated by org.testng.reporters.JUnitReportReporter -->
<testsuite hostname="DESKTOP-FG7QG1S" failures="0" tests="2" name="Nallas.Nallas_demoproject.Testcase_Execution" time="175.896" errors="0" timestamp="23 Dec 2022 12:49:50 GMT" skipped="0">
  <testcase classname="Nallas.Nallas_demoproject.Testcase_Execution" name="TS_001_TC_02" time="175.861"/>
  <testcase classname="Nallas.Nallas_demoproject.Testcase_Execution" name="TS01_TC_001" time="0.035"/>
</testsuite> <!-- Nallas.Nallas_demoproject.Testcase_Execution -->
