<?xml version="1.0" encoding="UTF-8"?>
<!-- Generated by org.testng.reporters.JUnitReportReporter -->
<testsuite hostname="DESKTOP-FG7QG1S" failures="0" tests="1" name="Nallas.Nallas_demoproject.App" time="264.257" errors="0" timestamp="23 Dec 2022 10:45:52 GMT" skipped="0">
  <testcase classname="Nallas.Nallas_demoproject.App" name="TS_001_TC_02" time="264.257"/>
</testsuite> <!-- Nallas.Nallas_demoproject.App -->
